<?xml version="1.0" encoding="UTF-8"?>
<testng-results skipped="0" failed="0" total="1" passed="1">
  <reporter-output>
  </reporter-output>
  <suite name="Surefire suite" duration-ms="12861" started-at="2016-05-11T03:14:00Z" finished-at="2016-05-11T03:14:13Z">
    <groups>
    </groups>
    <test name="Surefire test" duration-ms="12861" started-at="2016-05-11T03:14:00Z" finished-at="2016-05-11T03:14:13Z">
      <class name="TestCase">
        <test-method status="PASS" signature="setUp()[pri:0, instance:TestCase@17f6480]" name="setUp" is-config="true" duration-ms="12165" started-at="2016-05-11T10:14:00Z" finished-at="2016-05-11T10:14:13Z">
          <reporter-output>
          </reporter-output>
        </test-method> <!-- setUp -->
        <test-method status="PASS" signature="test()[pri:0, instance:TestCase@17f6480]" name="test" duration-ms="193" started-at="2016-05-11T10:14:13Z" finished-at="2016-05-11T10:14:13Z">
          <reporter-output>
          </reporter-output>
        </test-method> <!-- test -->
        <test-method status="PASS" signature="cleanUp()[pri:0, instance:TestCase@17f6480]" name="cleanUp" is-config="true" duration-ms="496" started-at="2016-05-11T10:14:13Z" finished-at="2016-05-11T10:14:13Z">
          <reporter-output>
          </reporter-output>
        </test-method> <!-- cleanUp -->
      </class> <!-- TestCase -->
    </test> <!-- Surefire test -->
  </suite> <!-- Surefire suite -->
</testng-results>
